<?xml version="1.0" encoding="UTF-8"?>
<!-- Generated by org.testng.reporters.JUnitReportReporter -->
<testsuite hostname="DESKTOP-BSS5US9" failures="0" tests="2" name="com.TestNG.As1_LoginScreen" time="46.670" errors="0" timestamp="2023-12-30T11:16:10 IST" skipped="0">
  <testcase classname="com.TestNG.As1_LoginScreen" name="LauchBrowser" time="7.458"/>
  <system-out/>
  <testcase classname="com.TestNG.As1_LoginScreen" name="ValidateLogin" time="39.212"/>
  <system-out/>
</testsuite> <!-- com.TestNG.As1_LoginScreen -->
