<?xml version="1.0" encoding="UTF-8"?>
<!-- Generated by org.testng.reporters.JUnitReportReporter -->
<testsuite hostname="DESKTOP-BSS5US9" failures="0" tests="2" name="com.TestNG.A3Testing_Xls" time="72.688" errors="0" timestamp="2023-12-30T11:14:19 IST" skipped="0">
  <testcase classname="com.TestNG.A3Testing_Xls" name="LauchBrowser" time="10.325"/>
  <system-out/>
  <testcase classname="com.TestNG.A3Testing_Xls" name="ValidateLogin" time="62.363"/>
  <system-out/>
</testsuite> <!-- com.TestNG.A3Testing_Xls -->
